<?xml version="1.0" encoding="UTF-8"?>
<!-- Generated by org.testng.reporters.JUnitReportReporter -->
<testsuite skipped="0" hostname="DESKTOP-V5MDKH8" name="tests.SearchProuductTest" tests="1" failures="0" timestamp="06 Jan 2019 00:22:02 GMT" time="7.560" errors="0">
  <testcase name="userCanSearchForProduct" time="7.560" classname="tests.SearchProuductTest"/>
</testsuite> <!-- tests.SearchProuductTest -->
