<?xml version="1.0" encoding="UTF-8"?>
<!-- Generated by org.testng.reporters.JUnitReportReporter -->
<testsuite skipped="0" hostname="DESKTOP-V5MDKH8" name="tests.SearchProductusingAutoComplete" tests="1" failures="0" timestamp="06 Jan 2019 00:38:47 GMT" time="6.583" errors="0">
  <testcase name="userCanSearchwithAutoComplete" time="6.583" classname="tests.SearchProductusingAutoComplete"/>
</testsuite> <!-- tests.SearchProductusingAutoComplete -->
