<?xml version="1.0" encoding="UTF-8"?>
<!-- Generated by org.testng.reporters.JUnitReportReporter -->
<testsuite skipped="0" hostname="DESKTOP-V5MDKH8" name="tests.ContactUsTest" tests="1" failures="0" timestamp="08 Jan 2019 18:26:09 GMT" time="24.214" errors="0">
  <testcase name="userCanContactUs" time="24.214" classname="tests.ContactUsTest"/>
</testsuite> <!-- tests.ContactUsTest -->
